Build started 24.04.2016 21:47:36.
     1>Project "D:\Programming\BSU FAMCS\ОС\Лабы\Subject 5 - File Mapping\Task 1 (Handshake)\Server\Server\Server.vcxproj" on node 2 (Build target(s)).
     1>ClCompile:
         C:\Program Files (x86)\Microsoft Visual Studio 14.0\VC\bin\CL.exe /c /ZI /nologo /W3 /WX- /Od /Oy- /D WIN32 /D _DEBUG /D _CONSOLE /D _MBCS /Gm /EHsc /RTC1 /MDd /GS /fp:precise /Zc:wchar_t /Zc:forScope /Zc:inline /Fo"Debug\\" /Fd"Debug\vc140.pdb" /Gd /TP /analyze- /errorReport:prompt Server.cpp
         Server.cpp
     1>d:\programming\bsu famcs\ос\лабы\subject 5 - file mapping\task 1 (handshake)\server\server\server.cpp(89): warning C4018: '<': signed/unsigned mismatch
     1>d:\programming\bsu famcs\ос\лабы\subject 5 - file mapping\task 1 (handshake)\server\server\server.cpp(29): warning C4996: 'getch': The POSIX name for this item is deprecated. Instead, use the ISO C and C++ conformant name: _getch. See online help for details.
         c:\program files (x86)\windows kits\10\include\10.0.10150.0\ucrt\conio.h(452): note: see declaration of 'getch'
     1>d:\programming\bsu famcs\ос\лабы\subject 5 - file mapping\task 1 (handshake)\server\server\server.cpp(36): warning C4996: 'getch': The POSIX name for this item is deprecated. Instead, use the ISO C and C++ conformant name: _getch. See online help for details.
         c:\program files (x86)\windows kits\10\include\10.0.10150.0\ucrt\conio.h(452): note: see declaration of 'getch'
     1>d:\programming\bsu famcs\ос\лабы\subject 5 - file mapping\task 1 (handshake)\server\server\server.cpp(45): warning C4996: 'getch': The POSIX name for this item is deprecated. Instead, use the ISO C and C++ conformant name: _getch. See online help for details.
         c:\program files (x86)\windows kits\10\include\10.0.10150.0\ucrt\conio.h(452): note: see declaration of 'getch'
     1>d:\programming\bsu famcs\ос\лабы\subject 5 - file mapping\task 1 (handshake)\server\server\server.cpp(51): warning C4996: 'getch': The POSIX name for this item is deprecated. Instead, use the ISO C and C++ conformant name: _getch. See online help for details.
         c:\program files (x86)\windows kits\10\include\10.0.10150.0\ucrt\conio.h(452): note: see declaration of 'getch'
     1>d:\programming\bsu famcs\ос\лабы\subject 5 - file mapping\task 1 (handshake)\server\server\server.cpp(61): warning C4996: 'getch': The POSIX name for this item is deprecated. Instead, use the ISO C and C++ conformant name: _getch. See online help for details.
         c:\program files (x86)\windows kits\10\include\10.0.10150.0\ucrt\conio.h(452): note: see declaration of 'getch'
     1>d:\programming\bsu famcs\ос\лабы\subject 5 - file mapping\task 1 (handshake)\server\server\server.cpp(118): warning C4996: 'getch': The POSIX name for this item is deprecated. Instead, use the ISO C and C++ conformant name: _getch. See online help for details.
         c:\program files (x86)\windows kits\10\include\10.0.10150.0\ucrt\conio.h(452): note: see declaration of 'getch'
       Link:
         C:\Program Files (x86)\Microsoft Visual Studio 14.0\VC\bin\link.exe /ERRORREPORT:PROMPT /OUT:"D:\Programming\BSU FAMCS\ОС\Лабы\Subject 5 - File Mapping\Task 1 (Handshake)\Server\Debug\Server.exe" /INCREMENTAL /NOLOGO kernel32.lib user32.lib gdi32.lib winspool.lib comdlg32.lib advapi32.lib shell32.lib ole32.lib oleaut32.lib uuid.lib odbc32.lib odbccp32.lib /MANIFEST /MANIFESTUAC:"level='asInvoker' uiAccess='false'" /manifest:embed /Debug /PDB:"D:\Programming\BSU FAMCS\ОС\Лабы\Subject 5 - File Mapping\Task 1 (Handshake)\Server\Debug\Server.pdb" /SUBSYSTEM:CONSOLE /TLBID:1 /DYNAMICBASE /NXCOMPAT /IMPLIB:"D:\Programming\BSU FAMCS\ОС\Лабы\Subject 5 - File Mapping\Task 1 (Handshake)\Server\Debug\Server.lib" /MACHINE:X86 Debug\Server.obj
         Server.vcxproj -> D:\Programming\BSU FAMCS\ОС\Лабы\Subject 5 - File Mapping\Task 1 (Handshake)\Server\Debug\Server.exe
     1>Done Building Project "D:\Programming\BSU FAMCS\ОС\Лабы\Subject 5 - File Mapping\Task 1 (Handshake)\Server\Server\Server.vcxproj" (Build target(s)).

Build succeeded.

Time Elapsed 00:00:02.44
